2023-05-27 13:10:23,521 INFO o.a.j.u.JMeterUtils: Setting Locale to en_EN
2023-05-27 13:10:23,573 INFO o.a.j.JMeter: Loading user properties from: /home/ppss/apache-jmeter-5.4.2/bin/user.properties
2023-05-27 13:10:23,574 INFO o.a.j.JMeter: Loading system properties from: /home/ppss/apache-jmeter-5.4.2/bin/system.properties
2023-05-27 13:10:23,581 INFO o.a.j.JMeter: Copyright (c) 1998-2021 The Apache Software Foundation
2023-05-27 13:10:23,581 INFO o.a.j.JMeter: Version 5.4.2
2023-05-27 13:10:23,582 INFO o.a.j.JMeter: java.version=11.0.19
2023-05-27 13:10:23,582 INFO o.a.j.JMeter: java.vm.name=OpenJDK 64-Bit Server VM
2023-05-27 13:10:23,582 INFO o.a.j.JMeter: os.name=Linux
2023-05-27 13:10:23,582 INFO o.a.j.JMeter: os.arch=amd64
2023-05-27 13:10:23,582 INFO o.a.j.JMeter: os.version=5.15.0-72-generic
2023-05-27 13:10:23,582 INFO o.a.j.JMeter: file.encoding=UTF-8
2023-05-27 13:10:23,582 INFO o.a.j.JMeter: java.awt.headless=true
2023-05-27 13:10:23,582 INFO o.a.j.JMeter: Max memory     =1073741824
2023-05-27 13:10:23,583 INFO o.a.j.JMeter: Available Processors =5
2023-05-27 13:10:23,596 INFO o.a.j.JMeter: Default Locale=English (EN)
2023-05-27 13:10:23,596 INFO o.a.j.JMeter: JMeter  Locale=English (EN)
2023-05-27 13:10:23,596 INFO o.a.j.JMeter: JMeterHome=/home/ppss/apache-jmeter-5.4.2
2023-05-27 13:10:23,596 INFO o.a.j.JMeter: user.dir  =/home/ppss/Documentos/practicas/ppss-2023-G6-lopez-mellado
2023-05-27 13:10:23,597 INFO o.a.j.JMeter: PWD       =/home/ppss/Documentos/practicas/ppss-2023-G6-lopez-mellado
2023-05-27 13:10:23,597 INFO o.a.j.JMeter: IP: 127.0.1.1 Name: ppss-VB FullName: ppss-VB
2023-05-27 13:10:23,606 INFO o.a.j.JMeter: Setting property 'jmeter.reportgenerator.outputdir' to:'/home/ppss/Documentos/practicas/ppss-2023-G6-lopez-mellado/reports'
2023-05-27 13:10:23,611 INFO o.a.j.r.d.ReportGenerator: ReportGenerator will use for Parsing the separator: ','
2023-05-27 13:10:23,611 INFO o.a.j.r.d.ReportGenerator: Will only generate report from results file: data.csv
2023-05-27 13:10:23,611 INFO o.a.j.r.d.ReportGenerator: Reading report generator properties from: /home/ppss/apache-jmeter-5.4.2/bin/reportgenerator.properties
2023-05-27 13:10:23,613 INFO o.a.j.r.d.ReportGenerator: Merging with JMeter properties
2023-05-27 13:10:23,619 INFO o.a.j.r.c.ReportGeneratorConfiguration: Property 'jmeter.reportgenerator.temp_dir' not found, using default value 'temp' instead.
2023-05-27 13:10:23,622 INFO o.a.j.r.c.ReportGeneratorConfiguration: Property 'jmeter.reportgenerator.apdex_per_transaction' not found, using default value 'null' instead.
2023-05-27 13:10:23,630 INFO o.a.j.r.c.ReportGeneratorConfiguration: apdex_per_transaction is empty, not APDEX per transaction customization
2023-05-27 13:10:23,630 INFO o.a.j.r.c.ReportGeneratorConfiguration: Property 'jmeter.reportgenerator.sample_filter' not found, using default value 'null' instead.
2023-05-27 13:10:23,630 INFO o.a.j.r.c.ReportGeneratorConfiguration: Property 'jmeter.reportgenerator.report_title' not found, using default value 'null' instead.
2023-05-27 13:10:23,630 INFO o.a.j.r.c.ReportGeneratorConfiguration: Property 'jmeter.reportgenerator.start_date' not found, using default value 'null' instead.
2023-05-27 13:10:23,631 INFO o.a.j.r.c.ReportGeneratorConfiguration: Property 'jmeter.reportgenerator.end_date' not found, using default value 'null' instead.
2023-05-27 13:10:23,631 INFO o.a.j.r.c.ReportGeneratorConfiguration: Property 'jmeter.reportgenerator.date_format' not found, using default value 'null' instead.
2023-05-27 13:10:23,631 INFO o.a.j.r.c.ReportGeneratorConfiguration: Will use date range start date: null, end date: null
2023-05-27 13:10:23,637 INFO o.a.j.r.c.ReportGeneratorConfiguration: Property 'jmeter.reportgenerator.graph.totalTPS.exclude_controllers' not found, using default value 'false' instead.
2023-05-27 13:10:23,637 INFO o.a.j.r.c.ReportGeneratorConfiguration: Property 'jmeter.reportgenerator.graph.activeThreadsOverTime.exclude_controllers' not found, using default value 'false' instead.
2023-05-27 13:10:23,638 INFO o.a.j.r.c.ReportGeneratorConfiguration: Property 'jmeter.reportgenerator.graph.timeVsThreads.exclude_controllers' not found, using default value 'false' instead.
2023-05-27 13:10:23,638 INFO o.a.j.r.c.ReportGeneratorConfiguration: Property 'jmeter.reportgenerator.graph.responseTimeDistribution.exclude_controllers' not found, using default value 'false' instead.
2023-05-27 13:10:23,638 INFO o.a.j.r.c.ReportGeneratorConfiguration: Property 'jmeter.reportgenerator.graph.transactionsPerSecond.exclude_controllers' not found, using default value 'false' instead.
2023-05-27 13:10:23,638 INFO o.a.j.r.c.ReportGeneratorConfiguration: Property 'jmeter.reportgenerator.graph.responseTimePercentiles.exclude_controllers' not found, using default value 'false' instead.
2023-05-27 13:10:23,639 INFO o.a.j.r.c.ReportGeneratorConfiguration: Property 'jmeter.reportgenerator.graph.responseTimePercentilesOverTime.exclude_controllers' not found, using default value 'false' instead.
2023-05-27 13:10:23,639 INFO o.a.j.r.c.ReportGeneratorConfiguration: Property 'jmeter.reportgenerator.graph.responseTimesOverTime.exclude_controllers' not found, using default value 'false' instead.
2023-05-27 13:10:23,639 INFO o.a.j.r.c.ReportGeneratorConfiguration: Property 'jmeter.reportgenerator.graph.connectTimeOverTime.exclude_controllers' not found, using default value 'false' instead.
2023-05-27 13:10:23,640 INFO o.a.j.r.c.ReportGeneratorConfiguration: Property 'jmeter.reportgenerator.graph.latenciesOverTime.exclude_controllers' not found, using default value 'false' instead.
2023-05-27 13:10:23,641 INFO o.a.j.r.c.ReportGeneratorConfiguration: Property 'jmeter.reportgenerator.exporter.json.filters_only_sample_series' not found, using default value 'true' instead.
2023-05-27 13:10:23,641 INFO o.a.j.r.c.ReportGeneratorConfiguration: Property 'jmeter.reportgenerator.exporter.json.series_filter' not found, using default value '' instead.
2023-05-27 13:10:23,641 INFO o.a.j.r.c.ReportGeneratorConfiguration: Property 'jmeter.reportgenerator.exporter.json.show_controllers_only' not found, using default value 'false' instead.
2023-05-27 13:10:23,642 INFO o.a.j.r.c.ReportGeneratorConfiguration: Property 'jmeter.reportgenerator.exporter.html.filters_only_sample_series' not found, using default value 'true' instead.
2023-05-27 13:10:23,642 INFO o.a.j.r.c.ReportGeneratorConfiguration: Property 'jmeter.reportgenerator.exporter.html.series_filter' not found, using default value '' instead.
2023-05-27 13:10:23,642 INFO o.a.j.r.c.ReportGeneratorConfiguration: Property 'jmeter.reportgenerator.exporter.html.show_controllers_only' not found, using default value 'false' instead.
2023-05-27 13:10:23,881 INFO o.a.j.s.SaveService: Testplan (JMX) version: 2.2. Testlog (JTL) version: 2.2
2023-05-27 13:10:23,928 INFO o.a.j.s.SaveService: Using SaveService properties version 5.0
2023-05-27 13:10:23,933 INFO o.a.j.s.SaveService: Using SaveService properties file encoding UTF-8
2023-05-27 13:10:23,965 INFO o.a.j.r.p.NormalizerSampleConsumer: Using format, 'ms', to parse timeStamp field
2023-05-27 13:10:24,360 INFO o.a.j.r.p.AbstractSampleConsumer: class org.apache.jmeter.report.processor.AggregateConsumer#stopProducing(): beginDate produced 0 samples
2023-05-27 13:10:24,360 INFO o.a.j.r.p.AbstractSampleConsumer: class org.apache.jmeter.report.processor.AggregateConsumer#stopProducing(): endDate produced 0 samples
2023-05-27 13:10:24,363 INFO o.a.j.r.p.AbstractSampleConsumer: class org.apache.jmeter.report.processor.ApdexSummaryConsumer#stopProducing(): apdexSummary produced 0 samples
2023-05-27 13:10:24,363 INFO o.a.j.r.p.AbstractSampleConsumer: class org.apache.jmeter.report.processor.RequestsSummaryConsumer#stopProducing(): requestsSummary produced 0 samples
2023-05-27 13:10:24,383 INFO o.a.j.r.p.AbstractSampleConsumer: class org.apache.jmeter.report.processor.StatisticsSummaryConsumer#stopProducing(): statisticsSummary produced 0 samples
2023-05-27 13:10:24,387 INFO o.a.j.r.p.AbstractSampleConsumer: class org.apache.jmeter.report.processor.Top5ErrorsBySamplerConsumer#stopProducing(): top5ErrorsBySampler produced 0 samples
2023-05-27 13:10:24,387 INFO o.a.j.r.p.AbstractSampleConsumer: class org.apache.jmeter.report.processor.ErrorsSummaryConsumer#stopProducing(): errorsSummary produced 0 samples
2023-05-27 13:10:24,387 INFO o.a.j.r.p.AbstractSampleConsumer: class org.apache.jmeter.report.processor.graph.impl.HitsPerSecondGraphConsumer#stopProducing(): hitsPerSecond produced 0 samples
2023-05-27 13:10:24,455 INFO o.a.j.r.p.AbstractSampleConsumer: class org.apache.jmeter.report.processor.graph.impl.LatencyVSRequestGraphConsumer#stopProducing(): latencyVsRequest produced 0 samples
2023-05-27 13:10:24,456 INFO o.a.j.r.p.AbstractSampleConsumer: class org.apache.jmeter.report.processor.graph.impl.SyntheticResponseTimeDistributionGraphConsumer#stopProducing(): syntheticResponseTimeDistribution produced 0 samples
2023-05-27 13:10:24,457 INFO o.a.j.r.p.AbstractSampleConsumer: class org.apache.jmeter.report.processor.graph.impl.BytesThroughputGraphConsumer#stopProducing(): bytesThroughputOverTime produced 0 samples
2023-05-27 13:10:24,458 INFO o.a.j.r.p.AbstractSampleConsumer: class org.apache.jmeter.report.processor.graph.impl.CodesPerSecondGraphConsumer#stopProducing(): codesPerSecond produced 0 samples
2023-05-27 13:10:24,506 INFO o.a.j.r.p.AbstractSampleConsumer: class org.apache.jmeter.report.processor.graph.impl.ResponseTimeVSRequestGraphConsumer#stopProducing(): responseTimeVsRequest produced 0 samples
2023-05-27 13:10:24,507 INFO o.a.j.r.p.AbstractSampleConsumer: class org.apache.jmeter.report.processor.FilterConsumer#stopProducing(): startIntervalControlerFilter produced 17507 samples
2023-05-27 13:10:24,507 INFO o.a.j.r.p.AbstractSampleConsumer: class org.apache.jmeter.report.processor.graph.impl.TotalTPSGraphConsumer#stopProducing(): totalTPS produced 0 samples
2023-05-27 13:10:24,508 INFO o.a.j.r.p.AbstractSampleConsumer: class org.apache.jmeter.report.processor.graph.impl.ActiveThreadsGraphConsumer#stopProducing(): activeThreadsOverTime produced 0 samples
2023-05-27 13:10:24,508 INFO o.a.j.r.p.AbstractSampleConsumer: class org.apache.jmeter.report.processor.graph.impl.TimeVSThreadGraphConsumer#stopProducing(): timeVsThreads produced 0 samples
2023-05-27 13:10:24,510 INFO o.a.j.r.p.AbstractSampleConsumer: class org.apache.jmeter.report.processor.graph.impl.ResponseTimeDistributionGraphConsumer#stopProducing(): responseTimeDistribution produced 0 samples
2023-05-27 13:10:24,510 INFO o.a.j.r.p.AbstractSampleConsumer: class org.apache.jmeter.report.processor.graph.impl.TransactionsPerSecondGraphConsumer#stopProducing(): transactionsPerSecond produced 0 samples
2023-05-27 13:10:24,511 INFO o.a.j.r.p.AbstractSampleConsumer: class org.apache.jmeter.report.processor.graph.impl.ResponseTimePercentilesGraphConsumer#stopProducing(): responseTimePercentiles produced 0 samples
2023-05-27 13:10:24,523 INFO o.a.j.r.p.AbstractSampleConsumer: class org.apache.jmeter.report.processor.graph.impl.ResponseTimePercentilesOverTimeGraphConsumer#stopProducing(): responseTimePercentilesOverTime produced 0 samples
2023-05-27 13:10:24,528 INFO o.a.j.r.p.AbstractSampleConsumer: class org.apache.jmeter.report.processor.graph.impl.ResponseTimeOverTimeGraphConsumer#stopProducing(): responseTimesOverTime produced 0 samples
2023-05-27 13:10:24,529 INFO o.a.j.r.p.AbstractSampleConsumer: class org.apache.jmeter.report.processor.graph.impl.ConnectTimeOverTimeGraphConsumer#stopProducing(): connectTimeOverTime produced 0 samples
2023-05-27 13:10:24,530 INFO o.a.j.r.p.AbstractSampleConsumer: class org.apache.jmeter.report.processor.graph.impl.LatencyOverTimeGraphConsumer#stopProducing(): latenciesOverTime produced 0 samples
2023-05-27 13:10:24,531 INFO o.a.j.r.p.AbstractSampleConsumer: class org.apache.jmeter.report.processor.FilterConsumer#stopProducing(): nameFilter produced 37515 samples
2023-05-27 13:10:24,531 INFO o.a.j.r.p.AbstractSampleConsumer: class org.apache.jmeter.report.processor.FilterConsumer#stopProducing(): dateRangeFilter produced 7503 samples
2023-05-27 13:10:24,531 INFO o.a.j.r.p.AbstractSampleConsumer: class org.apache.jmeter.report.processor.NormalizerSampleConsumer#stopProducing(): normalizer produced 2501 samples
2023-05-27 13:10:24,532 INFO o.a.j.r.p.CsvFileSampleSource: produce(): 2501 samples produced in 532ms on channel 0
2023-05-27 13:10:24,532 INFO o.a.j.r.d.ReportGenerator: Exporting data using exporter:'json' of className:'org.apache.jmeter.report.dashboard.JsonExporter'
2023-05-27 13:10:24,665 INFO o.a.j.r.d.JsonExporter: Found data for consumer statisticsSummary in context
2023-05-27 13:10:24,665 INFO o.a.j.r.d.JsonExporter: Creating statistics for overall
2023-05-27 13:10:24,666 INFO o.a.j.r.d.JsonExporter: Creating statistics for other transactions
2023-05-27 13:10:24,667 INFO o.a.j.r.d.JsonExporter: Checking output folder
2023-05-27 13:10:24,667 INFO o.a.j.r.d.JsonExporter: Writing statistics JSON to /home/ppss/Documentos/practicas/ppss-2023-G6-lopez-mellado/reports/statistics.json
2023-05-27 13:10:24,714 INFO o.a.j.r.d.ReportGenerator: Exporting data using exporter:'html' of className:'org.apache.jmeter.report.dashboard.HtmlTemplateExporter'
2023-05-27 13:10:24,717 INFO o.a.j.r.d.HtmlTemplateExporter: Will generate dashboard in folder: /home/ppss/Documentos/practicas/ppss-2023-G6-lopez-mellado/reports
2023-05-27 13:10:24,912 INFO o.a.j.r.d.HtmlTemplateExporter: Report will be generated in: /home/ppss/Documentos/practicas/ppss-2023-G6-lopez-mellado/reports, creating folder structure
2023-05-27 13:10:24,917 INFO o.a.j.r.d.TemplateVisitor: Copying folder from '/home/ppss/apache-jmeter-5.4.2/bin/report-template' to '/home/ppss/Documentos/practicas/ppss-2023-G6-lopez-mellado/reports', got message: /home/ppss/Documentos/practicas/ppss-2023-G6-lopez-mellado/reports, found non empty folder with following content [/home/ppss/Documentos/practicas/ppss-2023-G6-lopez-mellado/reports/statistics.json], will be ignored
